ARM GAS  C:\cygwin64\tmp\cclqcKCX.s 			page 1


   1              		.cpu cortex-m4
   2              		.eabi_attribute 27, 1
   3              		.eabi_attribute 28, 1
   4              		.eabi_attribute 20, 1
   5              		.eabi_attribute 21, 1
   6              		.eabi_attribute 23, 3
   7              		.eabi_attribute 24, 1
   8              		.eabi_attribute 25, 1
   9              		.eabi_attribute 26, 1
  10              		.eabi_attribute 30, 4
  11              		.eabi_attribute 34, 1
  12              		.eabi_attribute 18, 4
  13              		.file	"crt1.c"
  14              		.text
  15              	.Ltext0:
  16              		.cfi_sections	.debug_frame
  17              		.section	.text.__core_init,"ax",%progbits
  18              		.align	1
  19              		.weak	__core_init
  20              		.syntax unified
  21              		.thumb
  22              		.thumb_func
  23              		.fpu fpv4-sp-d16
  24              		.type	__core_init, %function
  25              	__core_init:
  26              	.LFB123:
  27              		.file 1 "../../modules/ChibiOS/os/common/startup/ARMCMx/compilers/GCC/crt1.c"
  28              		.loc 1 136 0
  29              		.cfi_startproc
  30              		@ args = 0, pretend = 0, frame = 0
  31              		@ frame_needed = 0, uses_anonymous_args = 0
  32              		@ link register save eliminated.
  33 0000 7047     		bx	lr
  34              		.cfi_endproc
  35              	.LFE123:
  36              		.size	__core_init, .-__core_init
  37              		.section	.text.__default_exit,"ax",%progbits
  38              		.align	1
  39              		.weak	__default_exit
  40              		.syntax unified
  41              		.thumb
  42              		.thumb_func
  43              		.fpu fpv4-sp-d16
  44              		.type	__default_exit, %function
  45              	__default_exit:
  46              	.LFB124:
  47              		.loc 1 186 0
  48              		.cfi_startproc
  49              		@ Volatile: function does not return.
  50              		@ args = 0, pretend = 0, frame = 0
  51              		@ frame_needed = 0, uses_anonymous_args = 0
  52              		@ link register save eliminated.
  53              	.L3:
  54 0000 FEE7     		b	.L3
  55              		.cfi_endproc
  56              	.LFE124:
  57              		.size	__default_exit, .-__default_exit
ARM GAS  C:\cygwin64\tmp\cclqcKCX.s 			page 2


  58              		.section	.text.__init_ram_areas,"ax",%progbits
  59              		.align	1
  60              		.global	__init_ram_areas
  61              		.syntax unified
  62              		.thumb
  63              		.thumb_func
  64              		.fpu fpv4-sp-d16
  65              		.type	__init_ram_areas, %function
  66              	__init_ram_areas:
  67              	.LFB125:
  68              		.loc 1 196 0
  69              		.cfi_startproc
  70              		@ args = 0, pretend = 0, frame = 0
  71              		@ frame_needed = 0, uses_anonymous_args = 0
  72              		@ link register save eliminated.
  73              	.LVL0:
  74 0000 084A     		ldr	r2, .L9
  75              	.LBB2:
  76              		.loc 1 202 0
  77 0002 094B     		ldr	r3, .L9+4
  78              		.loc 1 205 0
  79 0004 0949     		ldr	r1, .L9+8
  80              	.LVL1:
  81              	.L5:
  82 0006 8B42     		cmp	r3, r1
  83 0008 04D3     		bcc	.L6
  84              		.loc 1 212 0
  85 000a 094A     		ldr	r2, .L9+12
  86              		.loc 1 213 0
  87 000c 0021     		movs	r1, #0
  88              	.LVL2:
  89              	.L7:
  90              		.loc 1 212 0
  91 000e 9342     		cmp	r3, r2
  92 0010 05D3     		bcc	.L8
  93              	.LBE2:
  94              		.loc 1 220 0
  95 0012 7047     		bx	lr
  96              	.LVL3:
  97              	.L6:
  98              	.LBB3:
  99              		.loc 1 206 0
 100 0014 52F8040F 		ldr	r0, [r2, #4]!
 101 0018 43F8040B 		str	r0, [r3], #4
 102              	.LVL4:
 103 001c F3E7     		b	.L5
 104              	.LVL5:
 105              	.L8:
 106              		.loc 1 213 0
 107 001e 43F8041B 		str	r1, [r3], #4
 108              	.LVL6:
 109 0022 F4E7     		b	.L7
 110              	.L10:
 111              		.align	2
 112              	.L9:
 113 0024 FCFFFFFF 		.word	__ram0_init_text__-4
 114 0028 00000000 		.word	__ram0_init__
ARM GAS  C:\cygwin64\tmp\cclqcKCX.s 			page 3


 115 002c 00000000 		.word	__ram0_clear__
 116 0030 00000000 		.word	__ram0_noinit__
 117              	.LBE3:
 118              		.cfi_endproc
 119              	.LFE125:
 120              		.size	__init_ram_areas, .-__init_ram_areas
 121              		.text
 122              	.Letext0:
 123              		.file 2 "c:\\program files (x86)\\gnu tools arm embedded\\6 2017-q2-update\\arm-none-eabi\\include
 124              		.file 3 "c:\\program files (x86)\\gnu tools arm embedded\\6 2017-q2-update\\arm-none-eabi\\include
 125              		.file 4 "../../modules/ChibiOS/os/common/ext/CMSIS/include/core_cm4.h"
 126              		.file 5 "../../modules/ChibiOS/os/common/ext/CMSIS/ST/STM32F4xx/system_stm32f4xx.h"
 127              		.section	.debug_info,"",%progbits
 128              	.Ldebug_info0:
 129 0000 B8010000 		.4byte	0x1b8
 130 0004 0400     		.2byte	0x4
 131 0006 00000000 		.4byte	.Ldebug_abbrev0
 132 000a 04       		.byte	0x4
 133 000b 01       		.uleb128 0x1
 134 000c 17010000 		.4byte	.LASF26
 135 0010 0C       		.byte	0xc
 136 0011 51020000 		.4byte	.LASF27
 137 0015 5E000000 		.4byte	.LASF28
 138 0019 18000000 		.4byte	.Ldebug_ranges0+0x18
 139 001d 00000000 		.4byte	0
 140 0021 00000000 		.4byte	.Ldebug_line0
 141 0025 02       		.uleb128 0x2
 142 0026 01       		.byte	0x1
 143 0027 06       		.byte	0x6
 144 0028 03030000 		.4byte	.LASF0
 145 002c 02       		.uleb128 0x2
 146 002d 01       		.byte	0x1
 147 002e 08       		.byte	0x8
 148 002f DF000000 		.4byte	.LASF1
 149 0033 02       		.uleb128 0x2
 150 0034 02       		.byte	0x2
 151 0035 05       		.byte	0x5
 152 0036 C9020000 		.4byte	.LASF2
 153 003a 02       		.uleb128 0x2
 154 003b 02       		.byte	0x2
 155 003c 07       		.byte	0x7
 156 003d BF000000 		.4byte	.LASF3
 157 0041 03       		.uleb128 0x3
 158 0042 2D000000 		.4byte	.LASF5
 159 0046 02       		.byte	0x2
 160 0047 4D       		.byte	0x4d
 161 0048 4C000000 		.4byte	0x4c
 162 004c 02       		.uleb128 0x2
 163 004d 04       		.byte	0x4
 164 004e 05       		.byte	0x5
 165 004f FA020000 		.4byte	.LASF4
 166 0053 03       		.uleb128 0x3
 167 0054 FC000000 		.4byte	.LASF6
 168 0058 02       		.byte	0x2
 169 0059 4F       		.byte	0x4f
 170 005a 5E000000 		.4byte	0x5e
 171 005e 02       		.uleb128 0x2
ARM GAS  C:\cygwin64\tmp\cclqcKCX.s 			page 4


 172 005f 04       		.byte	0x4
 173 0060 07       		.byte	0x7
 174 0061 9F000000 		.4byte	.LASF7
 175 0065 02       		.uleb128 0x2
 176 0066 08       		.byte	0x8
 177 0067 05       		.byte	0x5
 178 0068 AB020000 		.4byte	.LASF8
 179 006c 02       		.uleb128 0x2
 180 006d 08       		.byte	0x8
 181 006e 07       		.byte	0x7
 182 006f 3A020000 		.4byte	.LASF9
 183 0073 04       		.uleb128 0x4
 184 0074 04       		.byte	0x4
 185 0075 05       		.byte	0x5
 186 0076 696E7400 		.ascii	"int\000"
 187 007a 02       		.uleb128 0x2
 188 007b 04       		.byte	0x4
 189 007c 07       		.byte	0x7
 190 007d 2D020000 		.4byte	.LASF10
 191 0081 03       		.uleb128 0x3
 192 0082 8C000000 		.4byte	.LASF11
 193 0086 03       		.byte	0x3
 194 0087 2C       		.byte	0x2c
 195 0088 41000000 		.4byte	0x41
 196 008c 05       		.uleb128 0x5
 197 008d 81000000 		.4byte	0x81
 198 0091 03       		.uleb128 0x3
 199 0092 F1020000 		.4byte	.LASF12
 200 0096 03       		.byte	0x3
 201 0097 30       		.byte	0x30
 202 0098 53000000 		.4byte	0x53
 203 009c 02       		.uleb128 0x2
 204 009d 04       		.byte	0x4
 205 009e 07       		.byte	0x7
 206 009f A2020000 		.4byte	.LASF13
 207 00a3 06       		.uleb128 0x6
 208 00a4 D2000000 		.4byte	.LASF14
 209 00a8 04       		.byte	0x4
 210 00a9 4407     		.2byte	0x744
 211 00ab 8C000000 		.4byte	0x8c
 212 00af 07       		.uleb128 0x7
 213 00b0 B9020000 		.4byte	.LASF15
 214 00b4 05       		.byte	0x5
 215 00b5 4C       		.byte	0x4c
 216 00b6 91000000 		.4byte	0x91
 217 00ba 08       		.uleb128 0x8
 218 00bb 10       		.byte	0x10
 219 00bc 01       		.byte	0x1
 220 00bd 34       		.byte	0x34
 221 00be F3000000 		.4byte	0xf3
 222 00c2 09       		.uleb128 0x9
 223 00c3 D3020000 		.4byte	.LASF16
 224 00c7 01       		.byte	0x1
 225 00c8 35       		.byte	0x35
 226 00c9 F3000000 		.4byte	0xf3
 227 00cd 00       		.byte	0
 228 00ce 09       		.uleb128 0x9
ARM GAS  C:\cygwin64\tmp\cclqcKCX.s 			page 5


 229 00cf 37000000 		.4byte	.LASF17
 230 00d3 01       		.byte	0x1
 231 00d4 36       		.byte	0x36
 232 00d5 F3000000 		.4byte	0xf3
 233 00d9 04       		.byte	0x4
 234 00da 09       		.uleb128 0x9
 235 00db 94000000 		.4byte	.LASF18
 236 00df 01       		.byte	0x1
 237 00e0 37       		.byte	0x37
 238 00e1 F3000000 		.4byte	0xf3
 239 00e5 08       		.byte	0x8
 240 00e6 09       		.uleb128 0x9
 241 00e7 95020000 		.4byte	.LASF19
 242 00eb 01       		.byte	0x1
 243 00ec 38       		.byte	0x38
 244 00ed F3000000 		.4byte	0xf3
 245 00f1 0C       		.byte	0xc
 246 00f2 00       		.byte	0
 247 00f3 0A       		.uleb128 0xa
 248 00f4 04       		.byte	0x4
 249 00f5 91000000 		.4byte	0x91
 250 00f9 03       		.uleb128 0x3
 251 00fa 07010000 		.4byte	.LASF20
 252 00fe 01       		.byte	0x1
 253 00ff 39       		.byte	0x39
 254 0100 BA000000 		.4byte	0xba
 255 0104 0B       		.uleb128 0xb
 256 0105 F9000000 		.4byte	0xf9
 257 0109 07       		.uleb128 0x7
 258 010a 4B000000 		.4byte	.LASF21
 259 010e 01       		.byte	0x1
 260 010f 40       		.byte	0x40
 261 0110 91000000 		.4byte	0x91
 262 0114 07       		.uleb128 0x7
 263 0115 B1000000 		.4byte	.LASF22
 264 0119 01       		.byte	0x1
 265 011a 40       		.byte	0x40
 266 011b 91000000 		.4byte	0x91
 267 011f 07       		.uleb128 0x7
 268 0120 E2020000 		.4byte	.LASF23
 269 0124 01       		.byte	0x1
 270 0125 40       		.byte	0x40
 271 0126 91000000 		.4byte	0x91
 272 012a 07       		.uleb128 0x7
 273 012b 11000000 		.4byte	.LASF24
 274 012f 01       		.byte	0x1
 275 0130 40       		.byte	0x40
 276 0131 91000000 		.4byte	0x91
 277 0135 0C       		.uleb128 0xc
 278 0136 04010000 		.4byte	0x104
 279 013a 45010000 		.4byte	0x145
 280 013e 0D       		.uleb128 0xd
 281 013f 9C000000 		.4byte	0x9c
 282 0143 00       		.byte	0
 283 0144 00       		.byte	0
 284 0145 0B       		.uleb128 0xb
 285 0146 35010000 		.4byte	0x135
ARM GAS  C:\cygwin64\tmp\cclqcKCX.s 			page 6


 286 014a 0E       		.uleb128 0xe
 287 014b 41000000 		.4byte	.LASF25
 288 014f 01       		.byte	0x1
 289 0150 5C       		.byte	0x5c
 290 0151 45010000 		.4byte	0x145
 291 0155 0F       		.uleb128 0xf
 292 0156 00000000 		.4byte	.LASF29
 293 015a 01       		.byte	0x1
 294 015b C4       		.byte	0xc4
 295 015c 00000000 		.4byte	.LFB125
 296 0160 34000000 		.4byte	.LFE125-.LFB125
 297 0164 01       		.uleb128 0x1
 298 0165 9C       		.byte	0x9c
 299 0166 93010000 		.4byte	0x193
 300 016a 10       		.uleb128 0x10
 301 016b 72617000 		.ascii	"rap\000"
 302 016f 01       		.byte	0x1
 303 0170 C6       		.byte	0xc6
 304 0171 93010000 		.4byte	0x193
 305 0175 11       		.uleb128 0x11
 306 0176 00000000 		.4byte	.Ldebug_ranges0+0
 307 017a 10       		.uleb128 0x10
 308 017b 747000   		.ascii	"tp\000"
 309 017e 01       		.byte	0x1
 310 017f C9       		.byte	0xc9
 311 0180 F3000000 		.4byte	0xf3
 312 0184 12       		.uleb128 0x12
 313 0185 7000     		.ascii	"p\000"
 314 0187 01       		.byte	0x1
 315 0188 CA       		.byte	0xca
 316 0189 F3000000 		.4byte	0xf3
 317 018d 00000000 		.4byte	.LLST0
 318 0191 00       		.byte	0
 319 0192 00       		.byte	0
 320 0193 0A       		.uleb128 0xa
 321 0194 04       		.byte	0x4
 322 0195 04010000 		.4byte	0x104
 323 0199 13       		.uleb128 0x13
 324 019a ED000000 		.4byte	.LASF30
 325 019e 01       		.byte	0x1
 326 019f BA       		.byte	0xba
 327 01a0 00000000 		.4byte	.LFB124
 328 01a4 02000000 		.4byte	.LFE124-.LFB124
 329 01a8 01       		.uleb128 0x1
 330 01a9 9C       		.byte	0x9c
 331 01aa 14       		.uleb128 0x14
 332 01ab 21000000 		.4byte	.LASF31
 333 01af 01       		.byte	0x1
 334 01b0 88       		.byte	0x88
 335 01b1 00000000 		.4byte	.LFB123
 336 01b5 02000000 		.4byte	.LFE123-.LFB123
 337 01b9 01       		.uleb128 0x1
 338 01ba 9C       		.byte	0x9c
 339 01bb 00       		.byte	0
 340              		.section	.debug_abbrev,"",%progbits
 341              	.Ldebug_abbrev0:
 342 0000 01       		.uleb128 0x1
ARM GAS  C:\cygwin64\tmp\cclqcKCX.s 			page 7


 343 0001 11       		.uleb128 0x11
 344 0002 01       		.byte	0x1
 345 0003 25       		.uleb128 0x25
 346 0004 0E       		.uleb128 0xe
 347 0005 13       		.uleb128 0x13
 348 0006 0B       		.uleb128 0xb
 349 0007 03       		.uleb128 0x3
 350 0008 0E       		.uleb128 0xe
 351 0009 1B       		.uleb128 0x1b
 352 000a 0E       		.uleb128 0xe
 353 000b 55       		.uleb128 0x55
 354 000c 17       		.uleb128 0x17
 355 000d 11       		.uleb128 0x11
 356 000e 01       		.uleb128 0x1
 357 000f 10       		.uleb128 0x10
 358 0010 17       		.uleb128 0x17
 359 0011 00       		.byte	0
 360 0012 00       		.byte	0
 361 0013 02       		.uleb128 0x2
 362 0014 24       		.uleb128 0x24
 363 0015 00       		.byte	0
 364 0016 0B       		.uleb128 0xb
 365 0017 0B       		.uleb128 0xb
 366 0018 3E       		.uleb128 0x3e
 367 0019 0B       		.uleb128 0xb
 368 001a 03       		.uleb128 0x3
 369 001b 0E       		.uleb128 0xe
 370 001c 00       		.byte	0
 371 001d 00       		.byte	0
 372 001e 03       		.uleb128 0x3
 373 001f 16       		.uleb128 0x16
 374 0020 00       		.byte	0
 375 0021 03       		.uleb128 0x3
 376 0022 0E       		.uleb128 0xe
 377 0023 3A       		.uleb128 0x3a
 378 0024 0B       		.uleb128 0xb
 379 0025 3B       		.uleb128 0x3b
 380 0026 0B       		.uleb128 0xb
 381 0027 49       		.uleb128 0x49
 382 0028 13       		.uleb128 0x13
 383 0029 00       		.byte	0
 384 002a 00       		.byte	0
 385 002b 04       		.uleb128 0x4
 386 002c 24       		.uleb128 0x24
 387 002d 00       		.byte	0
 388 002e 0B       		.uleb128 0xb
 389 002f 0B       		.uleb128 0xb
 390 0030 3E       		.uleb128 0x3e
 391 0031 0B       		.uleb128 0xb
 392 0032 03       		.uleb128 0x3
 393 0033 08       		.uleb128 0x8
 394 0034 00       		.byte	0
 395 0035 00       		.byte	0
 396 0036 05       		.uleb128 0x5
 397 0037 35       		.uleb128 0x35
 398 0038 00       		.byte	0
 399 0039 49       		.uleb128 0x49
ARM GAS  C:\cygwin64\tmp\cclqcKCX.s 			page 8


 400 003a 13       		.uleb128 0x13
 401 003b 00       		.byte	0
 402 003c 00       		.byte	0
 403 003d 06       		.uleb128 0x6
 404 003e 34       		.uleb128 0x34
 405 003f 00       		.byte	0
 406 0040 03       		.uleb128 0x3
 407 0041 0E       		.uleb128 0xe
 408 0042 3A       		.uleb128 0x3a
 409 0043 0B       		.uleb128 0xb
 410 0044 3B       		.uleb128 0x3b
 411 0045 05       		.uleb128 0x5
 412 0046 49       		.uleb128 0x49
 413 0047 13       		.uleb128 0x13
 414 0048 3F       		.uleb128 0x3f
 415 0049 19       		.uleb128 0x19
 416 004a 3C       		.uleb128 0x3c
 417 004b 19       		.uleb128 0x19
 418 004c 00       		.byte	0
 419 004d 00       		.byte	0
 420 004e 07       		.uleb128 0x7
 421 004f 34       		.uleb128 0x34
 422 0050 00       		.byte	0
 423 0051 03       		.uleb128 0x3
 424 0052 0E       		.uleb128 0xe
 425 0053 3A       		.uleb128 0x3a
 426 0054 0B       		.uleb128 0xb
 427 0055 3B       		.uleb128 0x3b
 428 0056 0B       		.uleb128 0xb
 429 0057 49       		.uleb128 0x49
 430 0058 13       		.uleb128 0x13
 431 0059 3F       		.uleb128 0x3f
 432 005a 19       		.uleb128 0x19
 433 005b 3C       		.uleb128 0x3c
 434 005c 19       		.uleb128 0x19
 435 005d 00       		.byte	0
 436 005e 00       		.byte	0
 437 005f 08       		.uleb128 0x8
 438 0060 13       		.uleb128 0x13
 439 0061 01       		.byte	0x1
 440 0062 0B       		.uleb128 0xb
 441 0063 0B       		.uleb128 0xb
 442 0064 3A       		.uleb128 0x3a
 443 0065 0B       		.uleb128 0xb
 444 0066 3B       		.uleb128 0x3b
 445 0067 0B       		.uleb128 0xb
 446 0068 01       		.uleb128 0x1
 447 0069 13       		.uleb128 0x13
 448 006a 00       		.byte	0
 449 006b 00       		.byte	0
 450 006c 09       		.uleb128 0x9
 451 006d 0D       		.uleb128 0xd
 452 006e 00       		.byte	0
 453 006f 03       		.uleb128 0x3
 454 0070 0E       		.uleb128 0xe
 455 0071 3A       		.uleb128 0x3a
 456 0072 0B       		.uleb128 0xb
ARM GAS  C:\cygwin64\tmp\cclqcKCX.s 			page 9


 457 0073 3B       		.uleb128 0x3b
 458 0074 0B       		.uleb128 0xb
 459 0075 49       		.uleb128 0x49
 460 0076 13       		.uleb128 0x13
 461 0077 38       		.uleb128 0x38
 462 0078 0B       		.uleb128 0xb
 463 0079 00       		.byte	0
 464 007a 00       		.byte	0
 465 007b 0A       		.uleb128 0xa
 466 007c 0F       		.uleb128 0xf
 467 007d 00       		.byte	0
 468 007e 0B       		.uleb128 0xb
 469 007f 0B       		.uleb128 0xb
 470 0080 49       		.uleb128 0x49
 471 0081 13       		.uleb128 0x13
 472 0082 00       		.byte	0
 473 0083 00       		.byte	0
 474 0084 0B       		.uleb128 0xb
 475 0085 26       		.uleb128 0x26
 476 0086 00       		.byte	0
 477 0087 49       		.uleb128 0x49
 478 0088 13       		.uleb128 0x13
 479 0089 00       		.byte	0
 480 008a 00       		.byte	0
 481 008b 0C       		.uleb128 0xc
 482 008c 01       		.uleb128 0x1
 483 008d 01       		.byte	0x1
 484 008e 49       		.uleb128 0x49
 485 008f 13       		.uleb128 0x13
 486 0090 01       		.uleb128 0x1
 487 0091 13       		.uleb128 0x13
 488 0092 00       		.byte	0
 489 0093 00       		.byte	0
 490 0094 0D       		.uleb128 0xd
 491 0095 21       		.uleb128 0x21
 492 0096 00       		.byte	0
 493 0097 49       		.uleb128 0x49
 494 0098 13       		.uleb128 0x13
 495 0099 2F       		.uleb128 0x2f
 496 009a 0B       		.uleb128 0xb
 497 009b 00       		.byte	0
 498 009c 00       		.byte	0
 499 009d 0E       		.uleb128 0xe
 500 009e 34       		.uleb128 0x34
 501 009f 00       		.byte	0
 502 00a0 03       		.uleb128 0x3
 503 00a1 0E       		.uleb128 0xe
 504 00a2 3A       		.uleb128 0x3a
 505 00a3 0B       		.uleb128 0xb
 506 00a4 3B       		.uleb128 0x3b
 507 00a5 0B       		.uleb128 0xb
 508 00a6 49       		.uleb128 0x49
 509 00a7 13       		.uleb128 0x13
 510 00a8 00       		.byte	0
 511 00a9 00       		.byte	0
 512 00aa 0F       		.uleb128 0xf
 513 00ab 2E       		.uleb128 0x2e
ARM GAS  C:\cygwin64\tmp\cclqcKCX.s 			page 10


 514 00ac 01       		.byte	0x1
 515 00ad 3F       		.uleb128 0x3f
 516 00ae 19       		.uleb128 0x19
 517 00af 03       		.uleb128 0x3
 518 00b0 0E       		.uleb128 0xe
 519 00b1 3A       		.uleb128 0x3a
 520 00b2 0B       		.uleb128 0xb
 521 00b3 3B       		.uleb128 0x3b
 522 00b4 0B       		.uleb128 0xb
 523 00b5 27       		.uleb128 0x27
 524 00b6 19       		.uleb128 0x19
 525 00b7 11       		.uleb128 0x11
 526 00b8 01       		.uleb128 0x1
 527 00b9 12       		.uleb128 0x12
 528 00ba 06       		.uleb128 0x6
 529 00bb 40       		.uleb128 0x40
 530 00bc 18       		.uleb128 0x18
 531 00bd 9742     		.uleb128 0x2117
 532 00bf 19       		.uleb128 0x19
 533 00c0 01       		.uleb128 0x1
 534 00c1 13       		.uleb128 0x13
 535 00c2 00       		.byte	0
 536 00c3 00       		.byte	0
 537 00c4 10       		.uleb128 0x10
 538 00c5 34       		.uleb128 0x34
 539 00c6 00       		.byte	0
 540 00c7 03       		.uleb128 0x3
 541 00c8 08       		.uleb128 0x8
 542 00c9 3A       		.uleb128 0x3a
 543 00ca 0B       		.uleb128 0xb
 544 00cb 3B       		.uleb128 0x3b
 545 00cc 0B       		.uleb128 0xb
 546 00cd 49       		.uleb128 0x49
 547 00ce 13       		.uleb128 0x13
 548 00cf 00       		.byte	0
 549 00d0 00       		.byte	0
 550 00d1 11       		.uleb128 0x11
 551 00d2 0B       		.uleb128 0xb
 552 00d3 01       		.byte	0x1
 553 00d4 55       		.uleb128 0x55
 554 00d5 17       		.uleb128 0x17
 555 00d6 00       		.byte	0
 556 00d7 00       		.byte	0
 557 00d8 12       		.uleb128 0x12
 558 00d9 34       		.uleb128 0x34
 559 00da 00       		.byte	0
 560 00db 03       		.uleb128 0x3
 561 00dc 08       		.uleb128 0x8
 562 00dd 3A       		.uleb128 0x3a
 563 00de 0B       		.uleb128 0xb
 564 00df 3B       		.uleb128 0x3b
 565 00e0 0B       		.uleb128 0xb
 566 00e1 49       		.uleb128 0x49
 567 00e2 13       		.uleb128 0x13
 568 00e3 02       		.uleb128 0x2
 569 00e4 17       		.uleb128 0x17
 570 00e5 00       		.byte	0
ARM GAS  C:\cygwin64\tmp\cclqcKCX.s 			page 11


 571 00e6 00       		.byte	0
 572 00e7 13       		.uleb128 0x13
 573 00e8 2E       		.uleb128 0x2e
 574 00e9 00       		.byte	0
 575 00ea 3F       		.uleb128 0x3f
 576 00eb 19       		.uleb128 0x19
 577 00ec 03       		.uleb128 0x3
 578 00ed 0E       		.uleb128 0xe
 579 00ee 3A       		.uleb128 0x3a
 580 00ef 0B       		.uleb128 0xb
 581 00f0 3B       		.uleb128 0x3b
 582 00f1 0B       		.uleb128 0xb
 583 00f2 27       		.uleb128 0x27
 584 00f3 19       		.uleb128 0x19
 585 00f4 8701     		.uleb128 0x87
 586 00f6 19       		.uleb128 0x19
 587 00f7 11       		.uleb128 0x11
 588 00f8 01       		.uleb128 0x1
 589 00f9 12       		.uleb128 0x12
 590 00fa 06       		.uleb128 0x6
 591 00fb 40       		.uleb128 0x40
 592 00fc 18       		.uleb128 0x18
 593 00fd 9742     		.uleb128 0x2117
 594 00ff 19       		.uleb128 0x19
 595 0100 00       		.byte	0
 596 0101 00       		.byte	0
 597 0102 14       		.uleb128 0x14
 598 0103 2E       		.uleb128 0x2e
 599 0104 00       		.byte	0
 600 0105 3F       		.uleb128 0x3f
 601 0106 19       		.uleb128 0x19
 602 0107 03       		.uleb128 0x3
 603 0108 0E       		.uleb128 0xe
 604 0109 3A       		.uleb128 0x3a
 605 010a 0B       		.uleb128 0xb
 606 010b 3B       		.uleb128 0x3b
 607 010c 0B       		.uleb128 0xb
 608 010d 27       		.uleb128 0x27
 609 010e 19       		.uleb128 0x19
 610 010f 11       		.uleb128 0x11
 611 0110 01       		.uleb128 0x1
 612 0111 12       		.uleb128 0x12
 613 0112 06       		.uleb128 0x6
 614 0113 40       		.uleb128 0x40
 615 0114 18       		.uleb128 0x18
 616 0115 9742     		.uleb128 0x2117
 617 0117 19       		.uleb128 0x19
 618 0118 00       		.byte	0
 619 0119 00       		.byte	0
 620 011a 00       		.byte	0
 621              		.section	.debug_loc,"",%progbits
 622              	.Ldebug_loc0:
 623              	.LLST0:
 624 0000 06000000 		.4byte	.LVL1
 625 0004 34000000 		.4byte	.LFE125
 626 0008 0100     		.2byte	0x1
 627 000a 53       		.byte	0x53
ARM GAS  C:\cygwin64\tmp\cclqcKCX.s 			page 12


 628 000b 00000000 		.4byte	0
 629 000f 00000000 		.4byte	0
 630              		.section	.debug_aranges,"",%progbits
 631 0000 2C000000 		.4byte	0x2c
 632 0004 0200     		.2byte	0x2
 633 0006 00000000 		.4byte	.Ldebug_info0
 634 000a 04       		.byte	0x4
 635 000b 00       		.byte	0
 636 000c 0000     		.2byte	0
 637 000e 0000     		.2byte	0
 638 0010 00000000 		.4byte	.LFB123
 639 0014 02000000 		.4byte	.LFE123-.LFB123
 640 0018 00000000 		.4byte	.LFB124
 641 001c 02000000 		.4byte	.LFE124-.LFB124
 642 0020 00000000 		.4byte	.LFB125
 643 0024 34000000 		.4byte	.LFE125-.LFB125
 644 0028 00000000 		.4byte	0
 645 002c 00000000 		.4byte	0
 646              		.section	.debug_ranges,"",%progbits
 647              	.Ldebug_ranges0:
 648 0000 02000000 		.4byte	.LBB2
 649 0004 12000000 		.4byte	.LBE2
 650 0008 14000000 		.4byte	.LBB3
 651 000c 34000000 		.4byte	.LBE3
 652 0010 00000000 		.4byte	0
 653 0014 00000000 		.4byte	0
 654 0018 00000000 		.4byte	.LFB123
 655 001c 02000000 		.4byte	.LFE123
 656 0020 00000000 		.4byte	.LFB124
 657 0024 02000000 		.4byte	.LFE124
 658 0028 00000000 		.4byte	.LFB125
 659 002c 34000000 		.4byte	.LFE125
 660 0030 00000000 		.4byte	0
 661 0034 00000000 		.4byte	0
 662              		.section	.debug_line,"",%progbits
 663              	.Ldebug_line0:
 664 0000 FE010000 		.section	.debug_str,"MS",%progbits,1
 664      0200BE01 
 664      00000201 
 664      FB0E0D00 
 664      01010101 
 665              	.LASF29:
 666 0000 5F5F696E 		.ascii	"__init_ram_areas\000"
 666      69745F72 
 666      616D5F61 
 666      72656173 
 666      00
 667              	.LASF24:
 668 0011 5F5F7261 		.ascii	"__ram0_noinit__\000"
 668      6D305F6E 
 668      6F696E69 
 668      745F5F00 
 669              	.LASF31:
 670 0021 5F5F636F 		.ascii	"__core_init\000"
 670      72655F69 
 670      6E697400 
 671              	.LASF5:
ARM GAS  C:\cygwin64\tmp\cclqcKCX.s 			page 13


 672 002d 5F5F696E 		.ascii	"__int32_t\000"
 672      7433325F 
 672      7400
 673              	.LASF17:
 674 0037 696E6974 		.ascii	"init_area\000"
 674      5F617265 
 674      6100
 675              	.LASF25:
 676 0041 72616D5F 		.ascii	"ram_areas\000"
 676      61726561 
 676      7300
 677              	.LASF21:
 678 004b 5F5F7261 		.ascii	"__ram0_init_text__\000"
 678      6D305F69 
 678      6E69745F 
 678      74657874 
 678      5F5F00
 679              	.LASF28:
 680 005e 433A5C63 		.ascii	"C:\\cygwin64\\home\\calfan\\ardupilot\\build\\fmuv3"
 680      79677769 
 680      6E36345C 
 680      686F6D65 
 680      5C63616C 
 681 008b 00       		.ascii	"\000"
 682              	.LASF11:
 683 008c 696E7433 		.ascii	"int32_t\000"
 683      325F7400 
 684              	.LASF18:
 685 0094 636C6561 		.ascii	"clear_area\000"
 685      725F6172 
 685      656100
 686              	.LASF7:
 687 009f 6C6F6E67 		.ascii	"long unsigned int\000"
 687      20756E73 
 687      69676E65 
 687      6420696E 
 687      7400
 688              	.LASF22:
 689 00b1 5F5F7261 		.ascii	"__ram0_init__\000"
 689      6D305F69 
 689      6E69745F 
 689      5F00
 690              	.LASF3:
 691 00bf 73686F72 		.ascii	"short unsigned int\000"
 691      7420756E 
 691      7369676E 
 691      65642069 
 691      6E7400
 692              	.LASF14:
 693 00d2 49544D5F 		.ascii	"ITM_RxBuffer\000"
 693      52784275 
 693      66666572 
 693      00
 694              	.LASF1:
 695 00df 756E7369 		.ascii	"unsigned char\000"
 695      676E6564 
 695      20636861 
ARM GAS  C:\cygwin64\tmp\cclqcKCX.s 			page 14


 695      7200
 696              	.LASF30:
 697 00ed 5F5F6465 		.ascii	"__default_exit\000"
 697      6661756C 
 697      745F6578 
 697      697400
 698              	.LASF6:
 699 00fc 5F5F7569 		.ascii	"__uint32_t\000"
 699      6E743332 
 699      5F7400
 700              	.LASF20:
 701 0107 72616D5F 		.ascii	"ram_init_area_t\000"
 701      696E6974 
 701      5F617265 
 701      615F7400 
 702              	.LASF26:
 703 0117 474E5520 		.ascii	"GNU C11 6.3.1 20170620 (release) [ARM/embedded-6-br"
 703      43313120 
 703      362E332E 
 703      31203230 
 703      31373036 
 704 014a 616E6368 		.ascii	"anch revision 249437] -mcpu=cortex-m4 -mfloat-abi=h"
 704      20726576 
 704      6973696F 
 704      6E203234 
 704      39343337 
 705 017d 61726420 		.ascii	"ard -mfpu=fpv4-sp-d16 -mno-thumb-interwork -mthumb "
 705      2D6D6670 
 705      753D6670 
 705      76342D73 
 705      702D6431 
 706 01b0 2D67202D 		.ascii	"-g -Os -fomit-frame-pointer -falign-functions=16 -f"
 706      4F73202D 
 706      666F6D69 
 706      742D6672 
 706      616D652D 
 707 01e3 66756E63 		.ascii	"function-sections -fdata-sections -fno-common -fsin"
 707      74696F6E 
 707      2D736563 
 707      74696F6E 
 707      73202D66 
 708 0216 676C652D 		.ascii	"gle-precision-constant\000"
 708      70726563 
 708      6973696F 
 708      6E2D636F 
 708      6E737461 
 709              	.LASF10:
 710 022d 756E7369 		.ascii	"unsigned int\000"
 710      676E6564 
 710      20696E74 
 710      00
 711              	.LASF9:
 712 023a 6C6F6E67 		.ascii	"long long unsigned int\000"
 712      206C6F6E 
 712      6720756E 
 712      7369676E 
 712      65642069 
ARM GAS  C:\cygwin64\tmp\cclqcKCX.s 			page 15


 713              	.LASF27:
 714 0251 2E2E2F2E 		.ascii	"../../modules/ChibiOS/os/common/startup/ARMCMx/comp"
 714      2E2F6D6F 
 714      64756C65 
 714      732F4368 
 714      6962694F 
 715 0284 696C6572 		.ascii	"ilers/GCC/crt1.c\000"
 715      732F4743 
 715      432F6372 
 715      74312E63 
 715      00
 716              	.LASF19:
 717 0295 6E6F5F69 		.ascii	"no_init_area\000"
 717      6E69745F 
 717      61726561 
 717      00
 718              	.LASF13:
 719 02a2 73697A65 		.ascii	"sizetype\000"
 719      74797065 
 719      00
 720              	.LASF8:
 721 02ab 6C6F6E67 		.ascii	"long long int\000"
 721      206C6F6E 
 721      6720696E 
 721      7400
 722              	.LASF15:
 723 02b9 53797374 		.ascii	"SystemCoreClock\000"
 723      656D436F 
 723      7265436C 
 723      6F636B00 
 724              	.LASF2:
 725 02c9 73686F72 		.ascii	"short int\000"
 725      7420696E 
 725      7400
 726              	.LASF16:
 727 02d3 696E6974 		.ascii	"init_text_area\000"
 727      5F746578 
 727      745F6172 
 727      656100
 728              	.LASF23:
 729 02e2 5F5F7261 		.ascii	"__ram0_clear__\000"
 729      6D305F63 
 729      6C656172 
 729      5F5F00
 730              	.LASF12:
 731 02f1 75696E74 		.ascii	"uint32_t\000"
 731      33325F74 
 731      00
 732              	.LASF4:
 733 02fa 6C6F6E67 		.ascii	"long int\000"
 733      20696E74 
 733      00
 734              	.LASF0:
 735 0303 7369676E 		.ascii	"signed char\000"
 735      65642063 
 735      68617200 
 736              		.ident	"GCC: (GNU Tools for ARM Embedded Processors 6-2017-q2-update) 6.3.1 20170620 (release) [AR
ARM GAS  C:\cygwin64\tmp\cclqcKCX.s 			page 16


ARM GAS  C:\cygwin64\tmp\cclqcKCX.s 			page 17


DEFINED SYMBOLS
                            *ABS*:00000000 crt1.c
C:\cygwin64\tmp\cclqcKCX.s:18     .text.__core_init:00000000 $t
C:\cygwin64\tmp\cclqcKCX.s:25     .text.__core_init:00000000 __core_init
C:\cygwin64\tmp\cclqcKCX.s:38     .text.__default_exit:00000000 $t
C:\cygwin64\tmp\cclqcKCX.s:45     .text.__default_exit:00000000 __default_exit
C:\cygwin64\tmp\cclqcKCX.s:59     .text.__init_ram_areas:00000000 $t
C:\cygwin64\tmp\cclqcKCX.s:66     .text.__init_ram_areas:00000000 __init_ram_areas
C:\cygwin64\tmp\cclqcKCX.s:113    .text.__init_ram_areas:00000024 $d
                     .debug_frame:00000010 $d

UNDEFINED SYMBOLS
__ram0_init_text__
__ram0_init__
__ram0_clear__
__ram0_noinit__
